<html>
<body>
<pre>
<h1>Vision Build Log</h1>
<h2>Tool Versions:</h2>
IDE-Version: μVision V5.14.0.0
Copyright (C) 2015 ARM Ltd and ARM Germany GmbH. All rights reserved.
License Information: Neolux Lee, Neoluxso, LIC=PE7DL-06TBT-EVG1R-KEKA0-FE8B8-V5HFT
 
Tool Versions:
Toolchain:       MDK-ARM Standard  Version: 5.14.0.0
Toolchain Path:  D:\Keil_v5\ARM\ARMCC\Bin
C Compiler:      Armcc.exe V5.05 update 1 (build 106)
Assembler:       Armasm.exe V5.05 update 1 (build 106)
Linker/Locator:  ArmLink.exe V5.05 update 1 (build 106)
Library Manager: ArmAr.exe V5.05 update 1 (build 106)
Hex Converter:   FromElf.exe V5.05 update 1 (build 106)
CPU DLL:         SARMCM3.DLL V5.14.0.0
Dialog DLL:      DCM.DLL V1.13.1.0
Target DLL:      Segger\JL2CM3.dll V2.99.13.0
Dialog DLL:      TCM.DLL V1.14.4.0
 
<h2>Project:</h2>
E:\Administrator\Desktop\STM32_Hanja\ss\test.uvprojx
Project File Date:  12/23/2022

<h2>Output:</h2>
Build target 'Target 1'
compiling mian.c...
compiling sys.c...
SYSTEM\sys\sys.c(99): error:  #20: identifier "NVIC_VectTab_FLASH" is undefined
        MY_NVIC_SetVectorTable(NVIC_VectTab_FLASH,0x0);
SYSTEM\sys\sys.c(177): warning:  #1-D: last line of file ends without a newline
  }                 
SYSTEM\sys\sys.c: 1 warning, 1 error
compiling delay.c...
SYSTEM\delay\delay.c(19): warning:  #223-D: function "SysTick_CLKSourceConfig" declared implicitly
        SysTick_CLKSourceConfig(SysTick_CLKSource_HCLK_Div8);   //选择外部时钟  HCLK/8
SYSTEM\delay\delay.c(19): error:  #20: identifier "SysTick_CLKSource_HCLK_Div8" is undefined
        SysTick_CLKSourceConfig(SysTick_CLKSource_HCLK_Div8);   //选择外部时钟  HCLK/8
SYSTEM\delay\delay.c: 1 warning, 1 error
compiling usart.c...
SYSTEM\usart\usart.c(35): error:  #260-D: explicit type is missing ("int" assumed)
  _sys_exit(int x) 
SYSTEM\usart\usart.c(75): error:  #20: identifier "GPIO_InitTypeDef" is undefined
      GPIO_InitTypeDef GPIO_InitStructure;
SYSTEM\usart\usart.c(76): error:  #20: identifier "USART_InitTypeDef" is undefined
        USART_InitTypeDef USART_InitStructure;
SYSTEM\usart\usart.c(77): error:  #20: identifier "NVIC_InitTypeDef" is undefined
        NVIC_InitTypeDef NVIC_InitStructure;
SYSTEM\usart\usart.c(79): warning:  #223-D: function "RCC_APB2PeriphClockCmd" declared implicitly
        RCC_APB2PeriphClockCmd(RCC_APB2Periph_USART1|RCC_APB2Periph_GPIOA|RCC_APB2Periph_AFIO, ENABLE);
SYSTEM\usart\usart.c(79): error:  #20: identifier "RCC_APB2Periph_USART1" is undefined
        RCC_APB2PeriphClockCmd(RCC_APB2Periph_USART1|RCC_APB2Periph_GPIOA|RCC_APB2Periph_AFIO, ENABLE);
SYSTEM\usart\usart.c(79): error:  #20: identifier "RCC_APB2Periph_GPIOA" is undefined
        RCC_APB2PeriphClockCmd(RCC_APB2Periph_USART1|RCC_APB2Periph_GPIOA|RCC_APB2Periph_AFIO, ENABLE);
SYSTEM\usart\usart.c(79): error:  #20: identifier "RCC_APB2Periph_AFIO" is undefined
        RCC_APB2PeriphClockCmd(RCC_APB2Periph_USART1|RCC_APB2Periph_GPIOA|RCC_APB2Periph_AFIO, ENABLE);
SYSTEM\usart\usart.c(81): error:  #20: identifier "GPIO_Pin_9" is undefined
      GPIO_InitStructure.GPIO_Pin = GPIO_Pin_9;
SYSTEM\usart\usart.c(82): error:  #20: identifier "GPIO_Speed_50MHz" is undefined
      GPIO_InitStructure.GPIO_Speed = GPIO_Speed_50MHz;
SYSTEM\usart\usart.c(83): error:  #20: identifier "GPIO_Mode_AF_PP" is undefined
      GPIO_InitStructure.GPIO_Mode = GPIO_Mode_AF_PP;
SYSTEM\usart\usart.c(84): warning:  #223-D: function "GPIO_Init" declared implicitly
      GPIO_Init(GPIOA, &GPIO_InitStructure);
SYSTEM\usart\usart.c(87): error:  #20: identifier "GPIO_Pin_10" is undefined
      GPIO_InitStructure.GPIO_Pin = GPIO_Pin_10;
SYSTEM\usart\usart.c(88): error:  #20: identifier "GPIO_Mode_IN_FLOATING" is undefined
      GPIO_InitStructure.GPIO_Mode = GPIO_Mode_IN_FLOATING;
SYSTEM\usart\usart.c(98): warning:  #223-D: function "NVIC_Init" declared implicitly
        NVIC_Init(&NVIC_InitStructure); //根据NVIC_InitStruct中指定的参数初始化外设NVIC寄存器USART1
SYSTEM\usart\usart.c(103): error:  #20: identifier "USART_WordLength_8b" is undefined
        USART_InitStructure.USART_WordLength = USART_WordLength_8b;
SYSTEM\usart\usart.c(104): error:  #20: identifier "USART_StopBits_1" is undefined
        USART_InitStructure.USART_StopBits = USART_StopBits_1;
SYSTEM\usart\usart.c(105): error:  #20: identifier "USART_Parity_No" is undefined
        USART_InitStructure.USART_Parity = USART_Parity_No;
SYSTEM\usart\usart.c(106): error:  #20: identifier "USART_HardwareFlowControl_None" is undefined
        USART_InitStructure.USART_HardwareFlowControl = USART_HardwareFlowControl_None;
SYSTEM\usart\usart.c(107): error:  #20: identifier "USART_Mode_Rx" is undefined
        USART_InitStructure.USART_Mode = USART_Mode_Rx | USART_Mode_Tx;
SYSTEM\usart\usart.c(107): error:  #20: identifier "USART_Mode_Tx" is undefined
        USART_InitStructure.USART_Mode = USART_Mode_Rx | USART_Mode_Tx;
SYSTEM\usart\usart.c(109): warning:  #223-D: function "USART_Init" declared implicitly
      USART_Init(USART1, &USART_InitStructure);
SYSTEM\usart\usart.c(112): warning:  #223-D: function "USART_ITConfig" declared implicitly
      USART_ITConfig(USART1, USART_IT_RXNE, ENABLE);//开启中断
SYSTEM\usart\usart.c(112): error:  #20: identifier "USART_IT_RXNE" is undefined
      USART_ITConfig(USART1, USART_IT_RXNE, ENABLE);//开启中断
SYSTEM\usart\usart.c(114): warning:  #223-D: function "USART_Cmd" declared implicitly
      USART_Cmd(USART1, ENABLE);                    //使能串口 
SYSTEM\usart\usart.c(121): warning:  #223-D: function "USART_GetITStatus" declared implicitly
        if(USART_GetITStatus(USART1, USART_IT_RXNE) != RESET)  //接收中断(接收到的数据必须是0x0d 0x0a结尾)
SYSTEM\usart\usart.c(121): error:  #20: identifier "USART_IT_RXNE" is undefined
        if(USART_GetITStatus(USART1, USART_IT_RXNE) != RESET)  //接收中断(接收到的数据必须是0x0d 0x0a结尾)
SYSTEM\usart\usart.c(123): warning:  #223-D: function "USART_ReceiveData" declared implicitly
                Res =USART_ReceiveData(USART1);//(USART1->DR);  //读取接收到的数据
SYSTEM\usart\usart.c: 8 warnings, 20 errors
compiling misc.c...
STM32F10x_FWLib\src\misc.c(99): warning:  #223-D: function "assert_param" declared implicitly
    assert_param(IS_NVIC_PRIORITY_GROUP(NVIC_PriorityGroup));
STM32F10x_FWLib\src\misc.c(117): warning:  #223-D: function "assert_param" declared implicitly
    assert_param(IS_FUNCTIONAL_STATE(NVIC_InitStruct->NVIC_IRQChannelCmd));
STM32F10x_FWLib\src\misc.c(159): warning:  #223-D: function "assert_param" declared implicitly
    assert_param(IS_NVIC_VECTTAB(NVIC_VectTab));
STM32F10x_FWLib\src\misc.c(178): warning:  #223-D: function "assert_param" declared implicitly
    assert_param(IS_NVIC_LP(LowPowerMode));
STM32F10x_FWLib\src\misc.c(202): warning:  #223-D: function "assert_param" declared implicitly
    assert_param(IS_SYSTICK_CLK_SOURCE(SysTick_CLKSource));
STM32F10x_FWLib\src\misc.c: 5 warnings, 0 errors
compiling stm32f10x_rcc.c...
STM32F10x_FWLib\src\stm32f10x_rcc.c(273): warning:  #223-D: function "assert_param" declared implicitly
    assert_param(IS_RCC_HSE(RCC_HSE));
STM32F10x_FWLib\src\stm32f10x_rcc.c(338): warning:  #223-D: function "assert_param" declared implicitly
    assert_param(IS_RCC_CALIBRATION_VALUE(HSICalibrationValue));
STM32F10x_FWLib\src\stm32f10x_rcc.c(357): warning:  #223-D: function "assert_param" declared implicitly
    assert_param(IS_FUNCTIONAL_STATE(NewState));
STM32F10x_FWLib\src\stm32f10x_rcc.c(383): warning:  #223-D: function "assert_param" declared implicitly
    assert_param(IS_RCC_PLL_SOURCE(RCC_PLLSource));
STM32F10x_FWLib\src\stm32f10x_rcc.c(404): warning:  #223-D: function "assert_param" declared implicitly
    assert_param(IS_FUNCTIONAL_STATE(NewState));
STM32F10x_FWLib\src\stm32f10x_rcc.c(568): warning:  #223-D: function "assert_param" declared implicitly
    assert_param(IS_RCC_SYSCLK_SOURCE(RCC_SYSCLKSource));
STM32F10x_FWLib\src\stm32f10x_rcc.c(612): warning:  #223-D: function "assert_param" declared implicitly
    assert_param(IS_RCC_HCLK(RCC_SYSCLK));
STM32F10x_FWLib\src\stm32f10x_rcc.c(638): warning:  #223-D: function "assert_param" declared implicitly
    assert_param(IS_RCC_PCLK(RCC_HCLK));
STM32F10x_FWLib\src\stm32f10x_rcc.c(664): warning:  #223-D: function "assert_param" declared implicitly
    assert_param(IS_RCC_PCLK(RCC_HCLK));
STM32F10x_FWLib\src\stm32f10x_rcc.c(703): warning:  #223-D: function "assert_param" declared implicitly
    assert_param(IS_RCC_IT(RCC_IT));
STM32F10x_FWLib\src\stm32f10x_rcc.c(731): warning:  #223-D: function "assert_param" declared implicitly
    assert_param(IS_RCC_USBCLK_SOURCE(RCC_USBCLKSource));
STM32F10x_FWLib\src\stm32f10x_rcc.c(770): warning:  #223-D: function "assert_param" declared implicitly
    assert_param(IS_RCC_ADCCLK(RCC_PCLK2));
STM32F10x_FWLib\src\stm32f10x_rcc.c(832): warning:  #223-D: function "assert_param" declared implicitly
    assert_param(IS_RCC_LSE(RCC_LSE));
STM32F10x_FWLib\src\stm32f10x_rcc.c(865): warning:  #223-D: function "assert_param" declared implicitly
    assert_param(IS_FUNCTIONAL_STATE(NewState));
STM32F10x_FWLib\src\stm32f10x_rcc.c(882): warning:  #223-D: function "assert_param" declared implicitly
    assert_param(IS_RCC_RTCCLK_SOURCE(RCC_RTCCLKSource));
STM32F10x_FWLib\src\stm32f10x_rcc.c(896): warning:  #223-D: function "assert_param" declared implicitly
    assert_param(IS_FUNCTIONAL_STATE(NewState));
STM32F10x_FWLib\src\stm32f10x_rcc.c(1067): warning:  #223-D: function "assert_param" declared implicitly
    assert_param(IS_RCC_AHB_PERIPH(RCC_AHBPeriph));
STM32F10x_FWLib\src\stm32f10x_rcc.c(1098): warning:  #223-D: function "assert_param" declared implicitly
    assert_param(IS_RCC_APB2_PERIPH(RCC_APB2Periph));
STM32F10x_FWLib\src\stm32f10x_rcc.c(1129): warning:  #223-D: function "assert_param" declared implicitly
    assert_param(IS_RCC_APB1_PERIPH(RCC_APB1Periph));
STM32F10x_FWLib\src\stm32f10x_rcc.c(1188): warning:  #223-D: function "assert_param" declared implicitly
    assert_param(IS_RCC_APB2_PERIPH(RCC_APB2Periph));
STM32F10x_FWLib\src\stm32f10x_rcc.c(1219): warning:  #223-D: function "assert_param" declared implicitly
    assert_param(IS_RCC_APB1_PERIPH(RCC_APB1Periph));
STM32F10x_FWLib\src\stm32f10x_rcc.c(1240): warning:  #223-D: function "assert_param" declared implicitly
    assert_param(IS_FUNCTIONAL_STATE(NewState));
STM32F10x_FWLib\src\stm32f10x_rcc.c(1253): warning:  #223-D: function "assert_param" declared implicitly
    assert_param(IS_FUNCTIONAL_STATE(NewState));
STM32F10x_FWLib\src\stm32f10x_rcc.c(1285): warning:  #223-D: function "assert_param" declared implicitly
    assert_param(IS_RCC_MCO(RCC_MCO));
STM32F10x_FWLib\src\stm32f10x_rcc.c(1332): warning:  #223-D: function "assert_param" declared implicitly
    assert_param(IS_RCC_FLAG(RCC_FLAG));
STM32F10x_FWLib\src\stm32f10x_rcc.c(1406): warning:  #223-D: function "assert_param" declared implicitly
    assert_param(IS_RCC_GET_IT(RCC_IT));
STM32F10x_FWLib\src\stm32f10x_rcc.c(1451): warning:  #223-D: function "assert_param" declared implicitly
    assert_param(IS_RCC_CLEAR_IT(RCC_IT));
STM32F10x_FWLib\src\stm32f10x_rcc.c: 27 warnings, 0 errors
compiling stm32f10x_gpio.c...
STM32F10x_FWLib\src\stm32f10x_gpio.c(111): warning:  #223-D: function "assert_param" declared implicitly
    assert_param(IS_GPIO_ALL_PERIPH(GPIOx));
STM32F10x_FWLib\src\stm32f10x_gpio.c(178): warning:  #223-D: function "assert_param" declared implicitly
    assert_param(IS_GPIO_ALL_PERIPH(GPIOx));
STM32F10x_FWLib\src\stm32f10x_gpio.c(286): warning:  #223-D: function "assert_param" declared implicitly
    assert_param(IS_GPIO_ALL_PERIPH(GPIOx));
STM32F10x_FWLib\src\stm32f10x_gpio.c(308): warning:  #223-D: function "assert_param" declared implicitly
    assert_param(IS_GPIO_ALL_PERIPH(GPIOx));
STM32F10x_FWLib\src\stm32f10x_gpio.c(324): warning:  #223-D: function "assert_param" declared implicitly
    assert_param(IS_GPIO_ALL_PERIPH(GPIOx));
STM32F10x_FWLib\src\stm32f10x_gpio.c(346): warning:  #223-D: function "assert_param" declared implicitly
    assert_param(IS_GPIO_ALL_PERIPH(GPIOx));
STM32F10x_FWLib\src\stm32f10x_gpio.c(361): warning:  #223-D: function "assert_param" declared implicitly
    assert_param(IS_GPIO_ALL_PERIPH(GPIOx));
STM32F10x_FWLib\src\stm32f10x_gpio.c(377): warning:  #223-D: function "assert_param" declared implicitly
    assert_param(IS_GPIO_ALL_PERIPH(GPIOx));
STM32F10x_FWLib\src\stm32f10x_gpio.c(397): warning:  #223-D: function "assert_param" declared implicitly
    assert_param(IS_GPIO_ALL_PERIPH(GPIOx));
STM32F10x_FWLib\src\stm32f10x_gpio.c(420): warning:  #223-D: function "assert_param" declared implicitly
    assert_param(IS_GPIO_ALL_PERIPH(GPIOx));
STM32F10x_FWLib\src\stm32f10x_gpio.c(437): warning:  #223-D: function "assert_param" declared implicitly
    assert_param(IS_GPIO_ALL_PERIPH(GPIOx));
STM32F10x_FWLib\src\stm32f10x_gpio.c(466): warning:  #223-D: function "assert_param" declared implicitly
    assert_param(IS_GPIO_EVENTOUT_PORT_SOURCE(GPIO_PortSource));
STM32F10x_FWLib\src\stm32f10x_gpio.c(486): warning:  #223-D: function "assert_param" declared implicitly
    assert_param(IS_FUNCTIONAL_STATE(NewState));
STM32F10x_FWLib\src\stm32f10x_gpio.c(554): warning:  #223-D: function "assert_param" declared implicitly
    assert_param(IS_GPIO_REMAP(GPIO_Remap));
STM32F10x_FWLib\src\stm32f10x_gpio.c(613): warning:  #223-D: function "assert_param" declared implicitly
    assert_param(IS_GPIO_EXTI_PORT_SOURCE(GPIO_PortSource));
STM32F10x_FWLib\src\stm32f10x_gpio.c(632): warning:  #223-D: function "assert_param" declared implicitly
    assert_param(IS_GPIO_ETH_MEDIA_INTERFACE(GPIO_ETH_MediaInterface)); 
STM32F10x_FWLib\src\stm32f10x_gpio.c: 16 warnings, 0 errors
compiling stm32f10x_spi.c...
STM32F10x_FWLib\src\stm32f10x_spi.c(122): warning:  #223-D: function "assert_param" declared implicitly
    assert_param(IS_SPI_ALL_PERIPH(SPIx));
STM32F10x_FWLib\src\stm32f10x_spi.c(163): warning:  #223-D: function "assert_param" declared implicitly
    assert_param(IS_SPI_ALL_PERIPH(SPIx));   
STM32F10x_FWLib\src\stm32f10x_spi.c(227): warning:  #223-D: function "assert_param" declared implicitly
    assert_param(IS_SPI_23_PERIPH(SPIx));
STM32F10x_FWLib\src\stm32f10x_spi.c(430): warning:  #223-D: function "assert_param" declared implicitly
    assert_param(IS_SPI_ALL_PERIPH(SPIx));
STM32F10x_FWLib\src\stm32f10x_spi.c(454): warning:  #223-D: function "assert_param" declared implicitly
    assert_param(IS_SPI_23_PERIPH(SPIx));
STM32F10x_FWLib\src\stm32f10x_spi.c(486): warning:  #223-D: function "assert_param" declared implicitly
    assert_param(IS_SPI_ALL_PERIPH(SPIx));
STM32F10x_FWLib\src\stm32f10x_spi.c(524): warning:  #223-D: function "assert_param" declared implicitly
    assert_param(IS_SPI_ALL_PERIPH(SPIx));
STM32F10x_FWLib\src\stm32f10x_spi.c(550): warning:  #223-D: function "assert_param" declared implicitly
    assert_param(IS_SPI_ALL_PERIPH(SPIx));
STM32F10x_FWLib\src\stm32f10x_spi.c(566): warning:  #223-D: function "assert_param" declared implicitly
    assert_param(IS_SPI_ALL_PERIPH(SPIx));
STM32F10x_FWLib\src\stm32f10x_spi.c(584): warning:  #223-D: function "assert_param" declared implicitly
    assert_param(IS_SPI_ALL_PERIPH(SPIx));
STM32F10x_FWLib\src\stm32f10x_spi.c(608): warning:  #223-D: function "assert_param" declared implicitly
    assert_param(IS_SPI_ALL_PERIPH(SPIx));
STM32F10x_FWLib\src\stm32f10x_spi.c(634): warning:  #223-D: function "assert_param" declared implicitly
    assert_param(IS_SPI_ALL_PERIPH(SPIx));
STM32F10x_FWLib\src\stm32f10x_spi.c(650): warning:  #223-D: function "assert_param" declared implicitly
    assert_param(IS_SPI_ALL_PERIPH(SPIx));
STM32F10x_FWLib\src\stm32f10x_spi.c(666): warning:  #223-D: function "assert_param" declared implicitly
    assert_param(IS_SPI_ALL_PERIPH(SPIx));
STM32F10x_FWLib\src\stm32f10x_spi.c(693): warning:  #223-D: function "assert_param" declared implicitly
    assert_param(IS_SPI_ALL_PERIPH(SPIx));
STM32F10x_FWLib\src\stm32f10x_spi.c(717): warning:  #223-D: function "assert_param" declared implicitly
    assert_param(IS_SPI_ALL_PERIPH(SPIx));
STM32F10x_FWLib\src\stm32f10x_spi.c(735): warning:  #223-D: function "assert_param" declared implicitly
    assert_param(IS_SPI_ALL_PERIPH(SPIx));
STM32F10x_FWLib\src\stm32f10x_spi.c(770): warning:  #223-D: function "assert_param" declared implicitly
    assert_param(IS_SPI_ALL_PERIPH(SPIx));
STM32F10x_FWLib\src\stm32f10x_spi.c(807): warning:  #223-D: function "assert_param" declared implicitly
    assert_param(IS_SPI_ALL_PERIPH(SPIx));
STM32F10x_FWLib\src\stm32f10x_spi.c(835): warning:  #223-D: function "assert_param" declared implicitly
    assert_param(IS_SPI_ALL_PERIPH(SPIx));
STM32F10x_FWLib\src\stm32f10x_spi.c(887): warning:  #223-D: function "assert_param" declared implicitly
    assert_param(IS_SPI_ALL_PERIPH(SPIx));
STM32F10x_FWLib\src\stm32f10x_spi.c: 21 warnings, 0 errors
compiling stm32f10x_usart.c...
STM32F10x_FWLib\src\stm32f10x_usart.c(133): warning:  #223-D: function "assert_param" declared implicitly
    assert_param(IS_USART_ALL_PERIPH(USARTx));
STM32F10x_FWLib\src\stm32f10x_usart.c(184): warning:  #223-D: function "assert_param" declared implicitly
    assert_param(IS_USART_ALL_PERIPH(USARTx));
STM32F10x_FWLib\src\stm32f10x_usart.c(306): warning:  #223-D: function "assert_param" declared implicitly
    assert_param(IS_USART_123_PERIPH(USARTx));
STM32F10x_FWLib\src\stm32f10x_usart.c(354): warning:  #223-D: function "assert_param" declared implicitly
    assert_param(IS_USART_ALL_PERIPH(USARTx));
STM32F10x_FWLib\src\stm32f10x_usart.c(393): warning:  #223-D: function "assert_param" declared implicitly
    assert_param(IS_USART_ALL_PERIPH(USARTx));
STM32F10x_FWLib\src\stm32f10x_usart.c(451): warning:  #223-D: function "assert_param" declared implicitly
    assert_param(IS_USART_ALL_PERIPH(USARTx));
STM32F10x_FWLib\src\stm32f10x_usart.c(479): warning:  #223-D: function "assert_param" declared implicitly
    assert_param(IS_USART_ALL_PERIPH(USARTx));
STM32F10x_FWLib\src\stm32f10x_usart.c(502): warning:  #223-D: function "assert_param" declared implicitly
    assert_param(IS_USART_ALL_PERIPH(USARTx));
STM32F10x_FWLib\src\stm32f10x_usart.c(521): warning:  #223-D: function "assert_param" declared implicitly
    assert_param(IS_USART_ALL_PERIPH(USARTx));
STM32F10x_FWLib\src\stm32f10x_usart.c(550): warning:  #223-D: function "assert_param" declared implicitly
    assert_param(IS_USART_ALL_PERIPH(USARTx));
STM32F10x_FWLib\src\stm32f10x_usart.c(569): warning:  #223-D: function "assert_param" declared implicitly
    assert_param(IS_USART_ALL_PERIPH(USARTx));
STM32F10x_FWLib\src\stm32f10x_usart.c(595): warning:  #223-D: function "assert_param" declared implicitly
    assert_param(IS_USART_ALL_PERIPH(USARTx));
STM32F10x_FWLib\src\stm32f10x_usart.c(612): warning:  #223-D: function "assert_param" declared implicitly
    assert_param(IS_USART_ALL_PERIPH(USARTx));
STM32F10x_FWLib\src\stm32f10x_usart.c(628): warning:  #223-D: function "assert_param" declared implicitly
    assert_param(IS_USART_ALL_PERIPH(USARTx));
STM32F10x_FWLib\src\stm32f10x_usart.c(644): warning:  #223-D: function "assert_param" declared implicitly
    assert_param(IS_USART_123_PERIPH(USARTx));
STM32F10x_FWLib\src\stm32f10x_usart.c(664): warning:  #223-D: function "assert_param" declared implicitly
    assert_param(IS_USART_ALL_PERIPH(USARTx));
STM32F10x_FWLib\src\stm32f10x_usart.c(683): warning:  #223-D: function "assert_param" declared implicitly
    assert_param(IS_USART_123_PERIPH(USARTx));
STM32F10x_FWLib\src\stm32f10x_usart.c(708): warning:  #223-D: function "assert_param" declared implicitly
    assert_param(IS_USART_123_PERIPH(USARTx));  
STM32F10x_FWLib\src\stm32f10x_usart.c(734): warning:  #223-D: function "assert_param" declared implicitly
    assert_param(IS_USART_ALL_PERIPH(USARTx));
STM32F10x_FWLib\src\stm32f10x_usart.c(765): warning:  #223-D: function "assert_param" declared implicitly
    assert_param(IS_USART_ALL_PERIPH(USARTx));
STM32F10x_FWLib\src\stm32f10x_usart.c(792): warning:  #223-D: function "assert_param" declared implicitly
    assert_param(IS_USART_ALL_PERIPH(USARTx));
STM32F10x_FWLib\src\stm32f10x_usart.c(821): warning:  #223-D: function "assert_param" declared implicitly
    assert_param(IS_USART_ALL_PERIPH(USARTx));
STM32F10x_FWLib\src\stm32f10x_usart.c(840): warning:  #223-D: function "assert_param" declared implicitly
    assert_param(IS_USART_ALL_PERIPH(USARTx));
STM32F10x_FWLib\src\stm32f10x_usart.c(878): warning:  #223-D: function "assert_param" declared implicitly
    assert_param(IS_USART_ALL_PERIPH(USARTx));
STM32F10x_FWLib\src\stm32f10x_usart.c(926): warning:  #223-D: function "assert_param" declared implicitly
    assert_param(IS_USART_ALL_PERIPH(USARTx));
STM32F10x_FWLib\src\stm32f10x_usart.c(961): warning:  #223-D: function "assert_param" declared implicitly
    assert_param(IS_USART_ALL_PERIPH(USARTx));
STM32F10x_FWLib\src\stm32f10x_usart.c(1034): warning:  #223-D: function "assert_param" declared implicitly
    assert_param(IS_USART_ALL_PERIPH(USARTx));
STM32F10x_FWLib\src\stm32f10x_usart.c: 27 warnings, 0 errors
compiling core_cm3.c...
assembling startup_stm32f10x_md.s...
assembling startup_stm32f10x_hd.s...
compiling system_stm32f10x.c...
".\Objects\test.axf" - 22 Error(s), 106 Warning(s).

<h2>Software Packages used:</h2>

Package Vendor: ARM
                http://www.keil.com/pack/ARM.CMSIS.4.2.0.pack
                ARM::CMSIS:CORE:3.40.0
                CMSIS (Cortex Microcontroller Software Interface Standard)
   * Component: CORE Version: 3.40.0

Package Vendor: Keil
                http://www.keil.com/pack/Keil.STM32F1xx_DFP.1.0.5.pack
                Keil::Device:Startup:1.0.0
                STMicroelectronics STM32F1 Series Device Support, Drivers and Examples
   * Component: Startup Version: 1.0.0

<h2>Collection of Component include folders:</h2>
  E:\Administrator\Desktop\STM32_Hanja\ss\RTE
  E:\Administrator\Desktop\STM32_Hanja\ss\RTE\Device\STM32F103RC
  D:\Keil_v5\ARM\PACK\ARM\CMSIS\4.2.0\CMSIS\Include
  D:\Keil_v5\ARM\PACK\Keil\STM32F1xx_DFP\1.0.5\Device\Include

<h2>Collection of Component Files used:</h2>

   * Component: ARM::CMSIS:CORE:3.40.0
      Source file:   CMSIS\UserCodeTemplates\ARM\ITM_Retarget.c

   * Component: Keil::Device:Startup:1.0.0
      Source file:   Device\Source\ARM\startup_stm32f10x_hd.s
      Include file:  RTE_Driver\Config\RTE_Device.h
      Source file:   Device\Source\system_stm32f10x.c
      Source file:   Device\Source\ARM\STM32F1xx_OPT.s
Target not created.
</pre>
</body>
</html>
